c:\users\alex\source\repos\cuborubik\cuborubik\x64\debug\vc141.pdb
c:\users\alex\source\repos\cuborubik\cuborubik\x64\debug\vc141.idb
c:\users\alex\source\repos\cuborubik\cuborubik\x64\debug\smallcube.obj
c:\users\alex\source\repos\cuborubik\cuborubik\x64\debug\rubixcube.obj
c:\users\alex\source\repos\cuborubik\cuborubik\x64\debug\meshviewer.obj
c:\users\alex\source\repos\cuborubik\cuborubik\x64\debug\main.obj
c:\users\alex\source\repos\cuborubik\cuborubik\x64\debug\resmgr.obj
c:\users\alex\source\repos\cuborubik\cuborubik\x64\debug\objloader.obj
c:\users\alex\source\repos\cuborubik\cuborubik\x64\debug\mtlloader.obj
c:\users\alex\source\repos\cuborubik\cuborubik\x64\debug\face.obj
c:\users\alex\source\repos\cuborubik\cuborubik\x64\debug\game.obj
c:\users\alex\source\repos\cuborubik\cuborubik\x64\debug\entity.obj
c:\users\alex\source\repos\cuborubik\cuborubik\x64\debug\camera.obj
c:\users\alex\source\repos\cuborubik\cuborubik\x64\debug\initshader.obj
c:\users\alex\source\repos\cuborubik\x64\debug\cuborubik.exe
c:\users\alex\source\repos\cuborubik\x64\debug\cuborubik.ilk
c:\users\alex\source\repos\cuborubik\x64\debug\cuborubik.pdb
c:\users\alex\source\repos\cuborubik\cuborubik\x64\debug\solver.obj
c:\users\alex\source\repos\cuborubik\cuborubik\x64\debug\cuborubik.tlog\cl.command.1.tlog
c:\users\alex\source\repos\cuborubik\cuborubik\x64\debug\cuborubik.tlog\cl.read.1.tlog
c:\users\alex\source\repos\cuborubik\cuborubik\x64\debug\cuborubik.tlog\cl.write.1.tlog
c:\users\alex\source\repos\cuborubik\cuborubik\x64\debug\cuborubik.tlog\link.command.1.tlog
c:\users\alex\source\repos\cuborubik\cuborubik\x64\debug\cuborubik.tlog\link.read.1.tlog
c:\users\alex\source\repos\cuborubik\cuborubik\x64\debug\cuborubik.tlog\link.write.1.tlog
