c:\users\alex\source\repos\rubik\rubik\debug\vc141.pdb
c:\users\alex\source\repos\rubik\rubik\debug\vc141.idb
c:\users\alex\source\repos\rubik\rubik\debug\dummy.obj
c:\users\alex\source\repos\rubik\rubik\debug\smallcube.obj
c:\users\alex\source\repos\rubik\rubik\debug\rubixcube.obj
c:\users\alex\source\repos\rubik\rubik\debug\meshviewer.obj
c:\users\alex\source\repos\rubik\rubik\debug\main.obj
c:\users\alex\source\repos\rubik\rubik\debug\game.obj
c:\users\alex\source\repos\rubik\rubik\debug\glad.obj
c:\users\alex\source\repos\rubik\rubik\debug\resmgr.obj
c:\users\alex\source\repos\rubik\rubik\debug\objloader.obj
c:\users\alex\source\repos\rubik\rubik\debug\mtlloader.obj
c:\users\alex\source\repos\rubik\rubik\debug\face.obj
c:\users\alex\source\repos\rubik\rubik\debug\initshader.obj
c:\users\alex\source\repos\rubik\rubik\debug\entity.obj
c:\users\alex\source\repos\rubik\rubik\debug\camera.obj
c:\users\alex\source\repos\rubik\debug\rubik.pdb
c:\users\alex\source\repos\rubik\rubik\debug\rubik.tlog\cl.command.1.tlog
c:\users\alex\source\repos\rubik\rubik\debug\rubik.tlog\cl.read.1.tlog
c:\users\alex\source\repos\rubik\rubik\debug\rubik.tlog\cl.write.1.tlog
c:\users\alex\source\repos\rubik\rubik\debug\rubik.tlog\link-cvtres.read.1.tlog
c:\users\alex\source\repos\rubik\rubik\debug\rubik.tlog\link-cvtres.write.1.tlog
c:\users\alex\source\repos\rubik\rubik\debug\rubik.tlog\link-rc.read.1.tlog
c:\users\alex\source\repos\rubik\rubik\debug\rubik.tlog\link-rc.write.1.tlog
c:\users\alex\source\repos\rubik\rubik\debug\rubik.tlog\link.command.1.tlog
c:\users\alex\source\repos\rubik\rubik\debug\rubik.tlog\link.read.1.tlog
c:\users\alex\source\repos\rubik\rubik\debug\rubik.tlog\link.write.1.tlog
