  dummy.cpp
  GLM: Windows platform detected
  GLM: Visual C++ compiler detected
  GLM: 32 bits model
  GLM: C++ with VC language extensions
  GLM: SSE2 instruction set
  GLM: x,y,z,w; r,g,b,a; s,t,p,q component names for all vector types
  GLM: Swizzling operators enabled
  GLM: Core library included
  Camera.cpp
c:\users\alex\source\repos\rubik\rubik\opengl-rubix-cube\include\angel.h(40): fatal error C1083: Non è possibile aprire il file inclusione: 'GL/glew.h': No such file or directory
  Entity.cpp
c:\users\alex\source\repos\rubik\rubik\opengl-rubix-cube\include\angel.h(40): fatal error C1083: Non è possibile aprire il file inclusione: 'GL/glew.h': No such file or directory
  Game.cpp
c:\users\alex\source\repos\rubik\rubik\opengl-rubix-cube\include\angel.h(40): fatal error C1083: Non è possibile aprire il file inclusione: 'GL/glew.h': No such file or directory
  InitShader.cpp
c:\users\alex\source\repos\rubik\rubik\opengl-rubix-cube\include\angel.h(40): fatal error C1083: Non è possibile aprire il file inclusione: 'GL/glew.h': No such file or directory
  Face.cpp
c:\users\alex\source\repos\rubik\rubik\opengl-rubix-cube\include\angel.h(40): fatal error C1083: Non è possibile aprire il file inclusione: 'GL/glew.h': No such file or directory
  MtlLoader.cpp
c:\users\alex\source\repos\rubik\rubik\opengl-rubix-cube\include\angel.h(40): fatal error C1083: Non è possibile aprire il file inclusione: 'GL/glew.h': No such file or directory
  ObjLoader.cpp
c:\users\alex\source\repos\rubik\rubik\opengl-rubix-cube\include\angel.h(40): fatal error C1083: Non è possibile aprire il file inclusione: 'GL/glew.h': No such file or directory
  ResMgr.cpp
c:\users\alex\source\repos\rubik\rubik\opengl-rubix-cube\include\angel.h(40): fatal error C1083: Non è possibile aprire il file inclusione: 'GL/glew.h': No such file or directory
  Main.cpp
c:\users\alex\source\repos\rubik\rubik\opengl-rubix-cube\include\angel.h(40): fatal error C1083: Non è possibile aprire il file inclusione: 'GL/glew.h': No such file or directory
  MeshViewer.cpp
c:\users\alex\source\repos\rubik\rubik\opengl-rubix-cube\include\angel.h(40): fatal error C1083: Non è possibile aprire il file inclusione: 'GL/glew.h': No such file or directory
  RubixCube.cpp
c:\users\alex\source\repos\rubik\rubik\opengl-rubix-cube\include\angel.h(40): fatal error C1083: Non è possibile aprire il file inclusione: 'GL/glew.h': No such file or directory
  SmallCube.cpp
c:\users\alex\source\repos\rubik\rubik\opengl-rubix-cube\include\angel.h(40): fatal error C1083: Non è possibile aprire il file inclusione: 'GL/glew.h': No such file or directory
